<?xml version="1.0" encoding="UTF-8"?>
<!-- Generated by org.testng.reporters.JUnitReportReporter -->
<testsuite hostname="Vishal" failures="0" tests="10" name="runners.TestRunner" time="64.255" errors="0" timestamp="2025-09-07T11:48:31 IST" skipped="0">
  <testcase classname="runners.TestRunner" name="runScenario" time="4.602"/>
  <testcase classname="runners.TestRunner" name="runScenario" time="4.307"/>
  <testcase classname="runners.TestRunner" name="runScenario" time="14.542"/>
  <testcase classname="runners.TestRunner" name="runScenario" time="4.843"/>
  <testcase classname="runners.TestRunner" name="runScenario" time="4.928"/>
  <testcase classname="runners.TestRunner" name="runScenario" time="5.881"/>
  <testcase classname="runners.TestRunner" name="runScenario" time="6.571"/>
  <testcase classname="runners.TestRunner" name="runScenario" time="4.997"/>
  <testcase classname="runners.TestRunner" name="runScenario" time="4.636"/>
  <testcase classname="runners.TestRunner" name="runScenario" time="8.948"/>
</testsuite> <!-- runners.TestRunner -->
